# JRE version: OpenJDK Runtime Environment (17.0+35) (build 17+35-2724)
# Java VM: OpenJDK 64-Bit Server VM (17+35-2724, mixed mode, sharing, tiered, compressed oops, compressed class ptrs, g1 gc, windows-amd64)
GC Precious Log:
 CPUs: 4 total, 4 available
 Memory: 8015M
 Large Page Support: Disabled
 NUMA Support: Disabled
 Compressed Oops: Enabled (32-bit)
 Heap Region Size: 1M
 Heap Min Capacity: 8M
 Heap Initial Capacity: 126M
 Heap Max Capacity: 2004M
 Pre-touch: Disabled
 Parallel Workers: 4
 Concurrent Workers: 1
 Concurrent Refinement Workers: 4
 Periodic GC: Disabled
Heap:
 garbage-first heap   total 129024K, used 13516K [0x0000000082c00000, 0x0000000100000000)
  region size 1024K, 7 young (7168K), 7 survivors (7168K)
 Metaspace       used 21262K, committed 21504K, reserved 1073152K
  class space    used 2701K, committed 2816K, reserved 1048576K
GC Heap History (11 events):
Event: 0.842 GC heap before
{Heap before GC invocations=0 (full 0):
 garbage-first heap   total 129024K, used 13312K [0x0000000082c00000, 0x0000000100000000)
  region size 1024K, 13 young (13312K), 0 survivors (0K)
 Metaspace       used 2689K, committed 2880K, reserved 1056768K
  class space    used 267K, committed 384K, reserved 1048576K
}
Event: 0.848 GC heap after
{Heap after GC invocations=1 (full 0):
 garbage-first heap   total 129024K, used 6323K [0x0000000082c00000, 0x0000000100000000)
  region size 1024K, 2 young (2048K), 2 survivors (2048K)
 Metaspace       used 2689K, committed 2880K, reserved 1056768K
  class space    used 267K, committed 384K, reserved 1048576K
}
Event: 1.374 GC heap before
{Heap before GC invocations=1 (full 0):
 garbage-first heap   total 129024K, used 16563K [0x0000000082c00000, 0x0000000100000000)
  region size 1024K, 12 young (12288K), 2 survivors (2048K)
 Metaspace       used 5839K, committed 6016K, reserved 1056768K
  class space    used 664K, committed 768K, reserved 1048576K
}
Event: 1.380 GC heap after
{Heap after GC invocations=2 (full 0):
 garbage-first heap   total 129024K, used 7484K [0x0000000082c00000, 0x0000000100000000)
  region size 1024K, 2 young (2048K), 2 survivors (2048K)
 Metaspace       used 5839K, committed 6016K, reserved 1056768K
  class space    used 664K, committed 768K, reserved 1048576K
}
Event: 2.336 GC heap before
{Heap before GC invocations=2 (full 0):
 garbage-first heap   total 129024K, used 32060K [0x0000000082c00000, 0x0000000100000000)
  region size 1024K, 26 young (26624K), 2 survivors (2048K)
 Metaspace       used 11636K, committed 11840K, reserved 1064960K
  class space    used 1547K, committed 1664K, reserved 1048576K
}
Event: 2.347 GC heap after
{Heap after GC invocations=3 (full 0):
 garbage-first heap   total 129024K, used 9270K [0x0000000082c00000, 0x0000000100000000)
  region size 1024K, 3 young (3072K), 3 survivors (3072K)
 Metaspace       used 11636K, committed 11840K, reserved 1064960K
  class space    used 1547K, committed 1664K, reserved 1048576K
}
Event: 2.940 GC heap before
{Heap before GC invocations=3 (full 0):
 garbage-first heap   total 129024K, used 81974K [0x0000000082c00000, 0x0000000100000000)
  region size 1024K, 75 young (76800K), 3 survivors (3072K)
 Metaspace       used 16267K, committed 16512K, reserved 1064960K
  class space    used 2064K, committed 2176K, reserved 1048576K
}
Event: 2.949 GC heap after
{Heap after GC invocations=4 (full 0):
 garbage-first heap   total 129024K, used 11152K [0x0000000082c00000, 0x0000000100000000)
  region size 1024K, 5 young (5120K), 5 survivors (5120K)
 Metaspace       used 16267K, committed 16512K, reserved 1064960K
  class space    used 2064K, committed 2176K, reserved 1048576K
}
Event: 3.080 GC heap before
{Heap before GC invocations=4 (full 0):
 garbage-first heap   total 129024K, used 81808K [0x0000000082c00000, 0x0000000100000000)
  region size 1024K, 75 young (76800K), 5 survivors (5120K)
 Metaspace       used 17479K, committed 17792K, reserved 1064960K
  class space    used 2202K, committed 2368K, reserved 1048576K
}
Event: 3.089 GC heap after
{Heap after GC invocations=5 (full 0):
 garbage-first heap   total 129024K, used 11468K [0x0000000082c00000, 0x0000000100000000)
  region size 1024K, 5 young (5120K), 5 survivors (5120K)
 Metaspace       used 17479K, committed 17792K, reserved 1064960K
  class space    used 2202K, committed 2368K, reserved 1048576K
}
Event: 4.109 GC heap before
{Heap before GC invocations=5 (full 0):
 garbage-first heap   total 129024K, used 39116K [0x0000000082c00000, 0x0000000100000000)
  region size 1024K, 33 young (33792K), 5 survivors (5120K)
 Metaspace       used 21262K, committed 21504K, reserved 1073152K
  class space    used 2701K, committed 2816K, reserved 1048576K
}

