# JRE version: OpenJDK Runtime Environment (17.0+35) (build 17+35-2724)
# Java VM: OpenJDK 64-Bit Server VM (17+35-2724, mixed mode, sharing, tiered, compressed oops, compressed class ptrs, g1 gc, windows-amd64)
GC Precious Log:
 CPUs: 4 total, 4 available
 Memory: 8015M
 Large Page Support: Disabled
 NUMA Support: Disabled
 Compressed Oops: Enabled (32-bit)
 Heap Region Size: 1M
 Heap Min Capacity: 8M
 Heap Initial Capacity: 126M
 Heap Max Capacity: 2004M
 Pre-touch: Disabled
 Parallel Workers: 4
 Concurrent Workers: 1
 Concurrent Refinement Workers: 4
 Periodic GC: Disabled
Heap:
 garbage-first heap   total 129024K, used 25388K [0x0000000082c00000, 0x0000000100000000)
  region size 1024K, 21 young (21504K), 6 survivors (6144K)
 Metaspace       used 19290K, committed 19584K, reserved 1073152K
  class space    used 2455K, committed 2624K, reserved 1048576K
GC Heap History (10 events):
Event: 0.939 GC heap before
{Heap before GC invocations=0 (full 0):
 garbage-first heap   total 129024K, used 13312K [0x0000000082c00000, 0x0000000100000000)
  region size 1024K, 13 young (13312K), 0 survivors (0K)
 Metaspace       used 2708K, committed 2880K, reserved 1056768K
  class space    used 267K, committed 384K, reserved 1048576K
}
Event: 0.945 GC heap after
{Heap after GC invocations=1 (full 0):
 garbage-first heap   total 129024K, used 6508K [0x0000000082c00000, 0x0000000100000000)
  region size 1024K, 2 young (2048K), 2 survivors (2048K)
 Metaspace       used 2708K, committed 2880K, reserved 1056768K
  class space    used 267K, committed 384K, reserved 1048576K
}
Event: 1.641 GC heap before
{Heap before GC invocations=1 (full 0):
 garbage-first heap   total 129024K, used 16748K [0x0000000082c00000, 0x0000000100000000)
  region size 1024K, 12 young (12288K), 2 survivors (2048K)
 Metaspace       used 5871K, committed 6080K, reserved 1056768K
  class space    used 670K, committed 768K, reserved 1048576K
}
Event: 1.646 GC heap after
{Heap after GC invocations=2 (full 0):
 garbage-first heap   total 129024K, used 7666K [0x0000000082c00000, 0x0000000100000000)
  region size 1024K, 2 young (2048K), 2 survivors (2048K)
 Metaspace       used 5871K, committed 6080K, reserved 1056768K
  class space    used 670K, committed 768K, reserved 1048576K
}
Event: 3.025 GC heap before
{Heap before GC invocations=2 (full 0):
 garbage-first heap   total 129024K, used 31218K [0x0000000082c00000, 0x0000000100000000)
  region size 1024K, 26 young (26624K), 2 survivors (2048K)
 Metaspace       used 11697K, committed 11904K, reserved 1064960K
  class space    used 1554K, committed 1664K, reserved 1048576K
}
Event: 3.035 GC heap after
{Heap after GC invocations=3 (full 0):
 garbage-first heap   total 129024K, used 9435K [0x0000000082c00000, 0x0000000100000000)
  region size 1024K, 3 young (3072K), 3 survivors (3072K)
 Metaspace       used 11697K, committed 11904K, reserved 1064960K
  class space    used 1554K, committed 1664K, reserved 1048576K
}
Event: 3.938 GC heap before
{Heap before GC invocations=3 (full 0):
 garbage-first heap   total 129024K, used 79067K [0x0000000082c00000, 0x0000000100000000)
  region size 1024K, 72 young (73728K), 3 survivors (3072K)
 Metaspace       used 17069K, committed 17344K, reserved 1064960K
  class space    used 2152K, committed 2304K, reserved 1048576K
}
Event: 3.947 GC heap after
{Heap after GC invocations=4 (full 0):
 garbage-first heap   total 129024K, used 11654K [0x0000000082c00000, 0x0000000100000000)
  region size 1024K, 5 young (5120K), 5 survivors (5120K)
 Metaspace       used 17069K, committed 17344K, reserved 1064960K
  class space    used 2152K, committed 2304K, reserved 1048576K
}
Event: 3.972 GC heap before
{Heap before GC invocations=4 (full 0):
 garbage-first heap   total 129024K, used 82310K [0x0000000082c00000, 0x0000000100000000)
  region size 1024K, 75 young (76800K), 5 survivors (5120K)
 Metaspace       used 17177K, committed 17472K, reserved 1064960K
  class space    used 2168K, committed 2304K, reserved 1048576K
}
Event: 3.980 GC heap after
{Heap after GC invocations=5 (full 0):
 garbage-first heap   total 129024K, used 12076K [0x0000000082c00000, 0x0000000100000000)
  region size 1024K, 6 young (6144K), 6 survivors (6144K)
 Metaspace       used 17177K, committed 17472K, reserved 1064960K
  class space    used 2168K, committed 2304K, reserved 1048576K
}

