# JRE version: OpenJDK Runtime Environment (17.0+35) (build 17+35-2724)
# Java VM: OpenJDK 64-Bit Server VM (17+35-2724, mixed mode, sharing, tiered, compressed oops, compressed class ptrs, g1 gc, windows-amd64)
GC Precious Log:
 CPUs: 4 total, 4 available
 Memory: 8015M
 Large Page Support: Disabled
 NUMA Support: Disabled
 Compressed Oops: Enabled (32-bit)
 Heap Region Size: 1M
 Heap Min Capacity: 8M
 Heap Initial Capacity: 126M
 Heap Max Capacity: 2004M
 Pre-touch: Disabled
 Parallel Workers: 4
 Concurrent Workers: 1
 Concurrent Refinement Workers: 4
 Periodic GC: Disabled
Heap:
 garbage-first heap   total 75776K, used 36270K [0x0000000082c00000, 0x0000000100000000)
  region size 1024K, 9 young (9216K), 3 survivors (3072K)
 Metaspace       used 78348K, committed 79040K, reserved 1122304K
  class space    used 10792K, committed 11136K, reserved 1048576K
GC Heap History (20 events):
Event: 9.514 GC heap before
{Heap before GC invocations=9 (full 0):
 garbage-first heap   total 55296K, used 41397K [0x0000000082c00000, 0x0000000100000000)
  region size 1024K, 25 young (25600K), 1 survivors (1024K)
 Metaspace       used 30615K, committed 31040K, reserved 1081344K
  class space    used 3966K, committed 4160K, reserved 1048576K
}
Event: 9.524 GC heap after
{Heap after GC invocations=10 (full 0):
 garbage-first heap   total 110592K, used 18959K [0x0000000082c00000, 0x0000000100000000)
  region size 1024K, 3 young (3072K), 3 survivors (3072K)
 Metaspace       used 30615K, committed 31040K, reserved 1081344K
  class space    used 3966K, committed 4160K, reserved 1048576K
}
Event: 10.894 GC heap before
{Heap before GC invocations=10 (full 0):
 garbage-first heap   total 110592K, used 42511K [0x0000000082c00000, 0x0000000100000000)
  region size 1024K, 27 young (27648K), 3 survivors (3072K)
 Metaspace       used 35607K, committed 35968K, reserved 1081344K
  class space    used 4596K, committed 4800K, reserved 1048576K
}
Event: 10.912 GC heap after
{Heap after GC invocations=11 (full 0):
 garbage-first heap   total 110592K, used 20996K [0x0000000082c00000, 0x0000000100000000)
  region size 1024K, 5 young (5120K), 5 survivors (5120K)
 Metaspace       used 35607K, committed 35968K, reserved 1081344K
  class space    used 4596K, committed 4800K, reserved 1048576K
}
Event: 13.152 GC heap before
{Heap before GC invocations=12 (full 0):
 garbage-first heap   total 75776K, used 60932K [0x0000000082c00000, 0x0000000100000000)
  region size 1024K, 44 young (45056K), 5 survivors (5120K)
 Metaspace       used 43615K, committed 44096K, reserved 1089536K
  class space    used 5574K, committed 5824K, reserved 1048576K
}
Event: 13.172 GC heap after
{Heap after GC invocations=13 (full 0):
 garbage-first heap   total 75776K, used 22848K [0x0000000082c00000, 0x0000000100000000)
  region size 1024K, 4 young (4096K), 4 survivors (4096K)
 Metaspace       used 43615K, committed 44096K, reserved 1089536K
  class space    used 5574K, committed 5824K, reserved 1048576K
}
Event: 13.253 GC heap before
{Heap before GC invocations=13 (full 0):
 garbage-first heap   total 75776K, used 23872K [0x0000000082c00000, 0x0000000100000000)
  region size 1024K, 5 young (5120K), 4 survivors (4096K)
 Metaspace       used 43847K, committed 44288K, reserved 1089536K
  class space    used 5616K, committed 5824K, reserved 1048576K
}
Event: 13.266 GC heap after
{Heap after GC invocations=14 (full 0):
 garbage-first heap   total 75776K, used 22650K [0x0000000082c00000, 0x0000000100000000)
  region size 1024K, 1 young (1024K), 1 survivors (1024K)
 Metaspace       used 43847K, committed 44288K, reserved 1089536K
  class space    used 5616K, committed 5824K, reserved 1048576K
}
Event: 14.887 GC heap before
{Heap before GC invocations=14 (full 0):
 garbage-first heap   total 75776K, used 58490K [0x0000000082c00000, 0x0000000100000000)
  region size 1024K, 36 young (36864K), 1 survivors (1024K)
 Metaspace       used 52158K, committed 52608K, reserved 1097728K
  class space    used 6913K, committed 7104K, reserved 1048576K
}
Event: 14.894 GC heap after
{Heap after GC invocations=15 (full 0):
 garbage-first heap   total 75776K, used 23837K [0x0000000082c00000, 0x0000000100000000)
  region size 1024K, 2 young (2048K), 2 survivors (2048K)
 Metaspace       used 52158K, committed 52608K, reserved 1097728K
  class space    used 6913K, committed 7104K, reserved 1048576K
}
Event: 16.147 GC heap before
{Heap before GC invocations=15 (full 0):
 garbage-first heap   total 75776K, used 53533K [0x0000000082c00000, 0x0000000100000000)
  region size 1024K, 33 young (33792K), 2 survivors (2048K)
 Metaspace       used 60038K, committed 60480K, reserved 1105920K
  class space    used 8122K, committed 8320K, reserved 1048576K
}
Event: 16.156 GC heap after
{Heap after GC invocations=16 (full 0):
 garbage-first heap   total 75776K, used 24920K [0x0000000082c00000, 0x0000000100000000)
  region size 1024K, 3 young (3072K), 3 survivors (3072K)
 Metaspace       used 60038K, committed 60480K, reserved 1105920K
  class space    used 8122K, committed 8320K, reserved 1048576K
}
Event: 17.630 GC heap before
{Heap before GC invocations=17 (full 0):
 garbage-first heap   total 75776K, used 59736K [0x0000000082c00000, 0x0000000100000000)
  region size 1024K, 37 young (37888K), 3 survivors (3072K)
 Metaspace       used 66531K, committed 67136K, reserved 1114112K
  class space    used 9098K, committed 9408K, reserved 1048576K
}
Event: 17.647 GC heap after
{Heap after GC invocations=18 (full 0):
 garbage-first heap   total 75776K, used 27156K [0x0000000082c00000, 0x0000000100000000)
  region size 1024K, 4 young (4096K), 4 survivors (4096K)
 Metaspace       used 66531K, committed 67136K, reserved 1114112K
  class space    used 9098K, committed 9408K, reserved 1048576K
}
Event: 17.699 GC heap before
{Heap before GC invocations=18 (full 0):
 garbage-first heap   total 75776K, used 28180K [0x0000000082c00000, 0x0000000100000000)
  region size 1024K, 5 young (5120K), 4 survivors (4096K)
 Metaspace       used 66706K, committed 67264K, reserved 1114112K
  class space    used 9129K, committed 9408K, reserved 1048576K
}
Event: 17.709 GC heap after
{Heap after GC invocations=19 (full 0):
 garbage-first heap   total 75776K, used 27232K [0x0000000082c00000, 0x0000000100000000)
  region size 1024K, 1 young (1024K), 1 survivors (1024K)
 Metaspace       used 66706K, committed 67264K, reserved 1114112K
  class space    used 9129K, committed 9408K, reserved 1048576K
}
Event: 19.086 GC heap before
{Heap before GC invocations=19 (full 0):
 garbage-first heap   total 75776K, used 61024K [0x0000000082c00000, 0x0000000100000000)
  region size 1024K, 34 young (34816K), 1 survivors (1024K)
 Metaspace       used 71255K, committed 71808K, reserved 1114112K
  class space    used 9781K, committed 10048K, reserved 1048576K
}
Event: 19.097 GC heap after
{Heap after GC invocations=20 (full 0):
 garbage-first heap   total 75776K, used 29955K [0x0000000082c00000, 0x0000000100000000)
  region size 1024K, 4 young (4096K), 4 survivors (4096K)
 Metaspace       used 71255K, committed 71808K, reserved 1114112K
  class space    used 9781K, committed 10048K, reserved 1048576K
}
Event: 137.004 GC heap before
{Heap before GC invocations=21 (full 0):
 garbage-first heap   total 75776K, used 58627K [0x0000000082c00000, 0x0000000100000000)
  region size 1024K, 33 young (33792K), 4 survivors (4096K)
 Metaspace       used 76781K, committed 77376K, reserved 1122304K
  class space    used 10583K, committed 10880K, reserved 1048576K
}
Event: 137.015 GC heap after
{Heap after GC invocations=22 (full 0):
 garbage-first heap   total 75776K, used 32174K [0x0000000082c00000, 0x0000000100000000)
  region size 1024K, 3 young (3072K), 3 survivors (3072K)
 Metaspace       used 76781K, committed 77376K, reserved 1122304K
  class space    used 10583K, committed 10880K, reserved 1048576K
}

