# JRE version: OpenJDK Runtime Environment (17.0+35) (build 17+35-2724)
# Java VM: OpenJDK 64-Bit Server VM (17+35-2724, mixed mode, sharing, tiered, compressed oops, compressed class ptrs, g1 gc, windows-amd64)
GC Precious Log:
 CPUs: 4 total, 4 available
 Memory: 8015M
 Large Page Support: Disabled
 NUMA Support: Disabled
 Compressed Oops: Enabled (32-bit)
 Heap Region Size: 1M
 Heap Min Capacity: 8M
 Heap Initial Capacity: 126M
 Heap Max Capacity: 2004M
 Pre-touch: Disabled
 Parallel Workers: 4
 Concurrent Workers: 1
 Concurrent Refinement Workers: 4
 Periodic GC: Disabled
Heap:
 garbage-first heap   total 129024K, used 35266K [0x0000000082c00000, 0x0000000100000000)
  region size 1024K, 30 young (30720K), 5 survivors (5120K)
 Metaspace       used 20542K, committed 20736K, reserved 1073152K
  class space    used 2613K, committed 2688K, reserved 1048576K
GC Heap History (10 events):
Event: 1.163 GC heap before
{Heap before GC invocations=0 (full 0):
 garbage-first heap   total 129024K, used 13312K [0x0000000082c00000, 0x0000000100000000)
  region size 1024K, 13 young (13312K), 0 survivors (0K)
 Metaspace       used 2719K, committed 2816K, reserved 1056768K
  class space    used 253K, committed 320K, reserved 1048576K
}
Event: 1.170 GC heap after
{Heap after GC invocations=1 (full 0):
 garbage-first heap   total 129024K, used 6850K [0x0000000082c00000, 0x0000000100000000)
  region size 1024K, 2 young (2048K), 2 survivors (2048K)
 Metaspace       used 2719K, committed 2816K, reserved 1056768K
  class space    used 253K, committed 320K, reserved 1048576K
}
Event: 1.691 GC heap before
{Heap before GC invocations=1 (full 0):
 garbage-first heap   total 129024K, used 16066K [0x0000000082c00000, 0x0000000100000000)
  region size 1024K, 11 young (11264K), 2 survivors (2048K)
 Metaspace       used 5369K, committed 5568K, reserved 1056768K
  class space    used 608K, committed 704K, reserved 1048576K
}
Event: 1.698 GC heap after
{Heap after GC invocations=2 (full 0):
 garbage-first heap   total 129024K, used 7559K [0x0000000082c00000, 0x0000000100000000)
  region size 1024K, 1 young (1024K), 1 survivors (1024K)
 Metaspace       used 5369K, committed 5568K, reserved 1056768K
  class space    used 608K, committed 704K, reserved 1048576K
}
Event: 2.884 GC heap before
{Heap before GC invocations=2 (full 0):
 garbage-first heap   total 129024K, used 31111K [0x0000000082c00000, 0x0000000100000000)
  region size 1024K, 25 young (25600K), 1 survivors (1024K)
 Metaspace       used 11366K, committed 11584K, reserved 1064960K
  class space    used 1488K, committed 1600K, reserved 1048576K
}
Event: 2.892 GC heap after
{Heap after GC invocations=3 (full 0):
 garbage-first heap   total 129024K, used 9340K [0x0000000082c00000, 0x0000000100000000)
  region size 1024K, 3 young (3072K), 3 survivors (3072K)
 Metaspace       used 11366K, committed 11584K, reserved 1064960K
  class space    used 1488K, committed 1600K, reserved 1048576K
}
Event: 3.893 GC heap before
{Heap before GC invocations=3 (full 0):
 garbage-first heap   total 129024K, used 78972K [0x0000000082c00000, 0x0000000100000000)
  region size 1024K, 72 young (73728K), 3 survivors (3072K)
 Metaspace       used 17276K, committed 17536K, reserved 1064960K
  class space    used 2173K, committed 2304K, reserved 1048576K
}
Event: 3.902 GC heap after
{Heap after GC invocations=4 (full 0):
 garbage-first heap   total 129024K, used 11606K [0x0000000082c00000, 0x0000000100000000)
  region size 1024K, 5 young (5120K), 5 survivors (5120K)
 Metaspace       used 17276K, committed 17536K, reserved 1064960K
  class space    used 2173K, committed 2304K, reserved 1048576K
}
Event: 3.932 GC heap before
{Heap before GC invocations=4 (full 0):
 garbage-first heap   total 129024K, used 82262K [0x0000000082c00000, 0x0000000100000000)
  region size 1024K, 75 young (76800K), 5 survivors (5120K)
 Metaspace       used 17450K, committed 17664K, reserved 1064960K
  class space    used 2191K, committed 2304K, reserved 1048576K
}
Event: 3.940 GC heap after
{Heap after GC invocations=5 (full 0):
 garbage-first heap   total 129024K, used 11714K [0x0000000082c00000, 0x0000000100000000)
  region size 1024K, 5 young (5120K), 5 survivors (5120K)
 Metaspace       used 17450K, committed 17664K, reserved 1064960K
  class space    used 2191K, committed 2304K, reserved 1048576K
}

