# JRE version: OpenJDK Runtime Environment (17.0+35) (build 17+35-2724)
# Java VM: OpenJDK 64-Bit Server VM (17+35-2724, mixed mode, sharing, tiered, compressed oops, compressed class ptrs, g1 gc, windows-amd64)
GC Precious Log:
 CPUs: 4 total, 4 available
 Memory: 8015M
 Large Page Support: Disabled
 NUMA Support: Disabled
 Compressed Oops: Enabled (32-bit)
 Heap Region Size: 1M
 Heap Min Capacity: 8M
 Heap Initial Capacity: 126M
 Heap Max Capacity: 2004M
 Pre-touch: Disabled
 Parallel Workers: 4
 Concurrent Workers: 1
 Concurrent Refinement Workers: 4
 Periodic GC: Disabled
Heap:
 garbage-first heap   total 75776K, used 34517K [0x0000000082c00000, 0x0000000100000000)
  region size 1024K, 12 young (12288K), 4 survivors (4096K)
 Metaspace       used 67718K, committed 68352K, reserved 1114112K
  class space    used 9263K, committed 9536K, reserved 1048576K
GC Heap History (20 events):
Event: 6.356 GC heap before
{Heap before GC invocations=5 (full 0):
 garbage-first heap   total 129024K, used 44079K [0x0000000082c00000, 0x0000000100000000)
  region size 1024K, 39 young (39936K), 6 survivors (6144K)
 Metaspace       used 21266K, committed 21504K, reserved 1073152K
  class space    used 2697K, committed 2816K, reserved 1048576K
}
Event: 6.370 GC heap after
{Heap after GC invocations=6 (full 0):
 garbage-first heap   total 129024K, used 14490K [0x0000000082c00000, 0x0000000100000000)
  region size 1024K, 8 young (8192K), 8 survivors (8192K)
 Metaspace       used 21266K, committed 21504K, reserved 1073152K
  class space    used 2697K, committed 2816K, reserved 1048576K
}
Event: 8.044 GC heap before
{Heap before GC invocations=7 (full 0):
 garbage-first heap   total 55296K, used 39066K [0x0000000082c00000, 0x0000000100000000)
  region size 1024K, 32 young (32768K), 8 survivors (8192K)
 Metaspace       used 25325K, committed 25728K, reserved 1073152K
  class space    used 3263K, committed 3456K, reserved 1048576K
}
Event: 8.073 GC heap after
{Heap after GC invocations=8 (full 0):
 garbage-first heap   total 55296K, used 16397K [0x0000000082c00000, 0x0000000100000000)
  region size 1024K, 3 young (3072K), 3 survivors (3072K)
 Metaspace       used 25325K, committed 25728K, reserved 1073152K
  class space    used 3263K, committed 3456K, reserved 1048576K
}
Event: 8.132 GC heap before
{Heap before GC invocations=8 (full 0):
 garbage-first heap   total 55296K, used 17421K [0x0000000082c00000, 0x0000000100000000)
  region size 1024K, 4 young (4096K), 3 survivors (3072K)
 Metaspace       used 25474K, committed 25856K, reserved 1073152K
  class space    used 3286K, committed 3456K, reserved 1048576K
}
Event: 8.143 GC heap after
{Heap after GC invocations=9 (full 0):
 garbage-first heap   total 55296K, used 16899K [0x0000000082c00000, 0x0000000100000000)
  region size 1024K, 1 young (1024K), 1 survivors (1024K)
 Metaspace       used 25474K, committed 25856K, reserved 1073152K
  class space    used 3286K, committed 3456K, reserved 1048576K
}
Event: 9.732 GC heap before
{Heap before GC invocations=9 (full 0):
 garbage-first heap   total 55296K, used 40451K [0x0000000082c00000, 0x0000000100000000)
  region size 1024K, 24 young (24576K), 1 survivors (1024K)
 Metaspace       used 30647K, committed 31040K, reserved 1081344K
  class space    used 3973K, committed 4160K, reserved 1048576K
}
Event: 9.745 GC heap after
{Heap after GC invocations=10 (full 0):
 garbage-first heap   total 110592K, used 19067K [0x0000000082c00000, 0x0000000100000000)
  region size 1024K, 3 young (3072K), 3 survivors (3072K)
 Metaspace       used 30647K, committed 31040K, reserved 1081344K
  class space    used 3973K, committed 4160K, reserved 1048576K
}
Event: 11.454 GC heap before
{Heap before GC invocations=10 (full 0):
 garbage-first heap   total 110592K, used 44667K [0x0000000082c00000, 0x0000000100000000)
  region size 1024K, 29 young (29696K), 3 survivors (3072K)
 Metaspace       used 35541K, committed 35968K, reserved 1081344K
  class space    used 4579K, committed 4800K, reserved 1048576K
}
Event: 11.471 GC heap after
{Heap after GC invocations=11 (full 0):
 garbage-first heap   total 110592K, used 20833K [0x0000000082c00000, 0x0000000100000000)
  region size 1024K, 5 young (5120K), 5 survivors (5120K)
 Metaspace       used 35541K, committed 35968K, reserved 1081344K
  class space    used 4579K, committed 4800K, reserved 1048576K
}
Event: 14.431 GC heap before
{Heap before GC invocations=12 (full 0):
 garbage-first heap   total 75776K, used 60769K [0x0000000082c00000, 0x0000000100000000)
  region size 1024K, 44 young (45056K), 5 survivors (5120K)
 Metaspace       used 43608K, committed 44160K, reserved 1089536K
  class space    used 5564K, committed 5824K, reserved 1048576K
}
Event: 14.450 GC heap after
{Heap after GC invocations=13 (full 0):
 garbage-first heap   total 75776K, used 22976K [0x0000000082c00000, 0x0000000100000000)
  region size 1024K, 4 young (4096K), 4 survivors (4096K)
 Metaspace       used 43608K, committed 44160K, reserved 1089536K
  class space    used 5564K, committed 5824K, reserved 1048576K
}
Event: 14.518 GC heap before
{Heap before GC invocations=13 (full 0):
 garbage-first heap   total 75776K, used 24000K [0x0000000082c00000, 0x0000000100000000)
  region size 1024K, 5 young (5120K), 4 survivors (4096K)
 Metaspace       used 43850K, committed 44352K, reserved 1089536K
  class space    used 5607K, committed 5824K, reserved 1048576K
}
Event: 14.531 GC heap after
{Heap after GC invocations=14 (full 0):
 garbage-first heap   total 75776K, used 23041K [0x0000000082c00000, 0x0000000100000000)
  region size 1024K, 1 young (1024K), 1 survivors (1024K)
 Metaspace       used 43850K, committed 44352K, reserved 1089536K
  class space    used 5607K, committed 5824K, reserved 1048576K
}
Event: 16.584 GC heap before
{Heap before GC invocations=14 (full 0):
 garbage-first heap   total 75776K, used 58881K [0x0000000082c00000, 0x0000000100000000)
  region size 1024K, 36 young (36864K), 1 survivors (1024K)
 Metaspace       used 52186K, committed 52672K, reserved 1097728K
  class space    used 6915K, committed 7104K, reserved 1048576K
}
Event: 16.594 GC heap after
{Heap after GC invocations=15 (full 0):
 garbage-first heap   total 75776K, used 24232K [0x0000000082c00000, 0x0000000100000000)
  region size 1024K, 2 young (2048K), 2 survivors (2048K)
 Metaspace       used 52186K, committed 52672K, reserved 1097728K
  class space    used 6915K, committed 7104K, reserved 1048576K
}
Event: 17.743 GC heap before
{Heap before GC invocations=15 (full 0):
 garbage-first heap   total 75776K, used 51880K [0x0000000082c00000, 0x0000000100000000)
  region size 1024K, 30 young (30720K), 2 survivors (2048K)
 Metaspace       used 59642K, committed 60096K, reserved 1105920K
  class space    used 8045K, committed 8256K, reserved 1048576K
}
Event: 17.754 GC heap after
{Heap after GC invocations=16 (full 0):
 garbage-first heap   total 75776K, used 25224K [0x0000000082c00000, 0x0000000100000000)
  region size 1024K, 3 young (3072K), 3 survivors (3072K)
 Metaspace       used 59642K, committed 60096K, reserved 1105920K
  class space    used 8045K, committed 8256K, reserved 1048576K
}
Event: 19.391 GC heap before
{Heap before GC invocations=17 (full 0):
 garbage-first heap   total 75776K, used 60040K [0x0000000082c00000, 0x0000000100000000)
  region size 1024K, 37 young (37888K), 3 survivors (3072K)
 Metaspace       used 66231K, committed 66880K, reserved 1114112K
  class space    used 9026K, committed 9344K, reserved 1048576K
}
Event: 19.410 GC heap after
{Heap after GC invocations=18 (full 0):
 garbage-first heap   total 75776K, used 27349K [0x0000000082c00000, 0x0000000100000000)
  region size 1024K, 4 young (4096K), 4 survivors (4096K)
 Metaspace       used 66231K, committed 66880K, reserved 1114112K
  class space    used 9026K, committed 9344K, reserved 1048576K
}

