# JRE version: OpenJDK Runtime Environment (17.0+35) (build 17+35-2724)
# Java VM: OpenJDK 64-Bit Server VM (17+35-2724, mixed mode, sharing, tiered, compressed oops, compressed class ptrs, g1 gc, windows-amd64)
GC Precious Log:
 CPUs: 4 total, 4 available
 Memory: 8015M
 Large Page Support: Disabled
 NUMA Support: Disabled
 Compressed Oops: Enabled (32-bit)
 Heap Region Size: 1M
 Heap Min Capacity: 8M
 Heap Initial Capacity: 126M
 Heap Max Capacity: 2004M
 Pre-touch: Disabled
 Parallel Workers: 4
 Concurrent Workers: 1
 Concurrent Refinement Workers: 4
 Periodic GC: Disabled
Heap:
 garbage-first heap   total 75776K, used 48515K [0x0000000082c00000, 0x0000000100000000)
  region size 1024K, 19 young (19456K), 2 survivors (2048K)
 Metaspace       used 79706K, committed 80384K, reserved 1122304K
  class space    used 10981K, committed 11264K, reserved 1048576K
GC Heap History (20 events):
Event: 6.054 GC heap before
{Heap before GC invocations=8 (full 0):
 garbage-first heap   total 55296K, used 16547K [0x0000000082c00000, 0x0000000100000000)
  region size 1024K, 3 young (3072K), 2 survivors (2048K)
 Metaspace       used 25365K, committed 25728K, reserved 1073152K
  class space    used 3270K, committed 3456K, reserved 1048576K
}
Event: 6.062 GC heap after
{Heap after GC invocations=9 (full 0):
 garbage-first heap   total 55296K, used 15963K [0x0000000082c00000, 0x0000000100000000)
  region size 1024K, 1 young (1024K), 1 survivors (1024K)
 Metaspace       used 25365K, committed 25728K, reserved 1073152K
  class space    used 3270K, committed 3456K, reserved 1048576K
}
Event: 7.658 GC heap before
{Heap before GC invocations=9 (full 0):
 garbage-first heap   total 55296K, used 41563K [0x0000000082c00000, 0x0000000100000000)
  region size 1024K, 26 young (26624K), 1 survivors (1024K)
 Metaspace       used 30605K, committed 31040K, reserved 1081344K
  class space    used 3968K, committed 4160K, reserved 1048576K
}
Event: 7.669 GC heap after
{Heap after GC invocations=10 (full 0):
 garbage-first heap   total 55296K, used 18200K [0x0000000082c00000, 0x0000000100000000)
  region size 1024K, 3 young (3072K), 3 survivors (3072K)
 Metaspace       used 30605K, committed 31040K, reserved 1081344K
  class space    used 3968K, committed 4160K, reserved 1048576K
}
Event: 8.703 GC heap before
{Heap before GC invocations=10 (full 0):
 garbage-first heap   total 55296K, used 41752K [0x0000000082c00000, 0x0000000100000000)
  region size 1024K, 26 young (26624K), 3 survivors (3072K)
 Metaspace       used 35124K, committed 35520K, reserved 1081344K
  class space    used 4540K, committed 4736K, reserved 1048576K
}
Event: 8.719 GC heap after
{Heap after GC invocations=11 (full 0):
 garbage-first heap   total 55296K, used 19948K [0x0000000082c00000, 0x0000000100000000)
  region size 1024K, 2 young (2048K), 2 survivors (2048K)
 Metaspace       used 35124K, committed 35520K, reserved 1081344K
  class space    used 4540K, committed 4736K, reserved 1048576K
}
Event: 8.828 GC heap before
{Heap before GC invocations=11 (full 0):
 garbage-first heap   total 55296K, used 20972K [0x0000000082c00000, 0x0000000100000000)
  region size 1024K, 4 young (4096K), 2 survivors (2048K)
 Metaspace       used 35579K, committed 35968K, reserved 1081344K
  class space    used 4597K, committed 4800K, reserved 1048576K
}
Event: 8.836 GC heap after
{Heap after GC invocations=12 (full 0):
 garbage-first heap   total 110592K, used 20585K [0x0000000082c00000, 0x0000000100000000)
  region size 1024K, 1 young (1024K), 1 survivors (1024K)
 Metaspace       used 35579K, committed 35968K, reserved 1081344K
  class space    used 4597K, committed 4800K, reserved 1048576K
}
Event: 11.090 GC heap before
{Heap before GC invocations=13 (full 0):
 garbage-first heap   total 75776K, used 68713K [0x0000000082c00000, 0x0000000100000000)
  region size 1024K, 49 young (50176K), 1 survivors (1024K)
 Metaspace       used 45731K, committed 46208K, reserved 1089536K
  class space    used 5916K, committed 6144K, reserved 1048576K
}
Event: 11.103 GC heap after
{Heap after GC invocations=14 (full 0):
 garbage-first heap   total 75776K, used 22758K [0x0000000082c00000, 0x0000000100000000)
  region size 1024K, 3 young (3072K), 3 survivors (3072K)
 Metaspace       used 45731K, committed 46208K, reserved 1089536K
  class space    used 5916K, committed 6144K, reserved 1048576K
}
Event: 12.815 GC heap before
{Heap before GC invocations=15 (full 0):
 garbage-first heap   total 75776K, used 59622K [0x0000000082c00000, 0x0000000100000000)
  region size 1024K, 39 young (39936K), 3 survivors (3072K)
 Metaspace       used 53742K, committed 54208K, reserved 1097728K
  class space    used 7112K, committed 7296K, reserved 1048576K
}
Event: 12.829 GC heap after
{Heap after GC invocations=16 (full 0):
 garbage-first heap   total 75776K, used 24440K [0x0000000082c00000, 0x0000000100000000)
  region size 1024K, 4 young (4096K), 4 survivors (4096K)
 Metaspace       used 53742K, committed 54208K, reserved 1097728K
  class space    used 7112K, committed 7296K, reserved 1048576K
}
Event: 14.218 GC heap before
{Heap before GC invocations=16 (full 0):
 garbage-first heap   total 75776K, used 59256K [0x0000000082c00000, 0x0000000100000000)
  region size 1024K, 39 young (39936K), 4 survivors (4096K)
 Metaspace       used 62662K, committed 63168K, reserved 1105920K
  class space    used 8511K, committed 8768K, reserved 1048576K
}
Event: 14.232 GC heap after
{Heap after GC invocations=17 (full 0):
 garbage-first heap   total 75776K, used 25827K [0x0000000082c00000, 0x0000000100000000)
  region size 1024K, 3 young (3072K), 3 survivors (3072K)
 Metaspace       used 62662K, committed 63168K, reserved 1105920K
  class space    used 8511K, committed 8768K, reserved 1048576K
}
Event: 16.159 GC heap before
{Heap before GC invocations=17 (full 0):
 garbage-first heap   total 75776K, used 60643K [0x0000000082c00000, 0x0000000100000000)
  region size 1024K, 37 young (37888K), 3 survivors (3072K)
 Metaspace       used 68781K, committed 69376K, reserved 1114112K
  class space    used 9373K, committed 9664K, reserved 1048576K
}
Event: 16.173 GC heap after
{Heap after GC invocations=18 (full 0):
 garbage-first heap   total 75776K, used 28705K [0x0000000082c00000, 0x0000000100000000)
  region size 1024K, 5 young (5120K), 5 survivors (5120K)
 Metaspace       used 68781K, committed 69376K, reserved 1114112K
  class space    used 9373K, committed 9664K, reserved 1048576K
}
Event: 17.467 GC heap before
{Heap before GC invocations=18 (full 0):
 garbage-first heap   total 75776K, used 59425K [0x0000000082c00000, 0x0000000100000000)
  region size 1024K, 35 young (35840K), 5 survivors (5120K)
 Metaspace       used 73021K, committed 73664K, reserved 1114112K
  class space    used 9996K, committed 10304K, reserved 1048576K
}
Event: 17.483 GC heap after
{Heap after GC invocations=19 (full 0):
 garbage-first heap   total 75776K, used 32026K [0x0000000082c00000, 0x0000000100000000)
  region size 1024K, 4 young (4096K), 4 survivors (4096K)
 Metaspace       used 73021K, committed 73664K, reserved 1114112K
  class space    used 9996K, committed 10304K, reserved 1048576K
}
Event: 50.905 GC heap before
{Heap before GC invocations=19 (full 0):
 garbage-first heap   total 75776K, used 51482K [0x0000000082c00000, 0x0000000100000000)
  region size 1024K, 24 young (24576K), 4 survivors (4096K)
 Metaspace       used 77087K, committed 77696K, reserved 1122304K
  class space    used 10544K, committed 10816K, reserved 1048576K
}
Event: 50.916 GC heap after
{Heap after GC invocations=20 (full 0):
 garbage-first heap   total 75776K, used 33155K [0x0000000082c00000, 0x0000000100000000)
  region size 1024K, 2 young (2048K), 2 survivors (2048K)
 Metaspace       used 77087K, committed 77696K, reserved 1122304K
  class space    used 10544K, committed 10816K, reserved 1048576K
}

